  [4;36;1mSQL (0.2ms)[0m   [0;1m SELECT name
 FROM sqlite_master
 WHERE type = 'table' AND NOT name = 'sqlite_sequence'
[0m
  [4;35;1mSQL (0.1ms)[0m   [0mselect sqlite_version(*)[0m
  [4;36;1mSQL (3.5ms)[0m   [0;1mCREATE TABLE "schema_migrations" ("version" varchar(255) NOT NULL) [0m
  [4;35;1mSQL (1.4ms)[0m   [0mCREATE UNIQUE INDEX "unique_schema_migrations" ON "schema_migrations" ("version")[0m
  [4;36;1mSQL (0.2ms)[0m   [0;1m SELECT name
 FROM sqlite_master
 WHERE type = 'table' AND NOT name = 'sqlite_sequence'
[0m
  [4;35;1mSQL (0.1ms)[0m   [0mSELECT version FROM schema_migrations[0m
Migrating to CreateBooks (20090505214742)
  [4;36;1mSQL (2.9ms)[0m   [0;1mCREATE TABLE "books" ("id" INTEGER PRIMARY KEY AUTOINCREMENT NOT NULL, "title" varchar(255), "created_at" datetime, "updated_at" datetime) [0m
  [4;35;1mSQL (2.3ms)[0m   [0mINSERT INTO schema_migrations (version) VALUES ('20090505214742')[0m
Migrating to CreateAuthors (20090505214819)
  [4;36;1mSQL (2.7ms)[0m   [0;1mCREATE TABLE "authors" ("id" INTEGER PRIMARY KEY AUTOINCREMENT NOT NULL, "name" varchar(255), "book_id" integer, "created_at" datetime, "updated_at" datetime) [0m
  [4;35;1mSQL (3.2ms)[0m   [0mINSERT INTO schema_migrations (version) VALUES ('20090505214819')[0m
  [4;36;1mSQL (0.3ms)[0m   [0;1m SELECT name
 FROM sqlite_master
 WHERE type = 'table' AND NOT name = 'sqlite_sequence'
[0m
  [4;35;1mSQL (0.2ms)[0m   [0mSELECT version FROM schema_migrations[0m
  [4;36;1mSQL (0.3ms)[0m   [0;1m SELECT name
 FROM sqlite_master
 WHERE type = 'table' AND NOT name = 'sqlite_sequence'
[0m
  [4;35;1mSQL (0.1ms)[0m   [0mPRAGMA index_list("authors")[0m
  [4;36;1mSQL (0.1ms)[0m   [0;1mPRAGMA index_list("books")[0m


Processing BooksController#index (for 127.0.0.1 at 2009-05-05 14:49:27) [GET]
  [4;36;1mBook Load (0.6ms)[0m   [0;1mSELECT * FROM "books" [0m
Rendering template within layouts/books
Rendering books/index
Completed in 11ms (View: 6, DB: 1) | 200 OK [http://localhost/books]


Processing BooksController#index (for 127.0.0.1 at 2009-05-05 14:50:21) [GET]
  [4;35;1mBook Load (0.5ms)[0m   [0mSELECT * FROM "books" [0m
Rendering template within layouts/books
Rendering books/index
Completed in 63ms (View: 6, DB: 1) | 200 OK [http://localhost/books]


Processing BooksController#index (for 127.0.0.1 at 2009-05-05 14:50:53) [GET]
  [4;36;1mBook Load (0.9ms)[0m   [0;1mSELECT * FROM "books" [0m
Rendering template within layouts/books
Rendering books/index
Completed in 12ms (View: 7, DB: 1) | 200 OK [http://localhost/books]


Processing BooksController#index (for 127.0.0.1 at 2009-05-05 14:52:09) [GET]
  [4;36;1mBook Load (0.9ms)[0m   [0;1mSELECT * FROM "books" [0m
Rendering template within layouts/books
Rendering books/index
Completed in 12ms (View: 7, DB: 1) | 200 OK [http://localhost/books]
